c:\users\acer\source\repos\sparky\dependencies\libvorbis\lib\libvorbis.pdb
c:\users\acer\source\repos\sparky\libvorbis\x64dependencies\libvorbis\intermediates\vorbisfile.obj
c:\users\acer\source\repos\sparky\libvorbis\x64dependencies\libvorbis\intermediates\vorbisenc.obj
c:\users\acer\source\repos\sparky\libvorbis\x64dependencies\libvorbis\intermediates\tone.obj
c:\users\acer\source\repos\sparky\libvorbis\x64dependencies\libvorbis\intermediates\synthesis.obj
c:\users\acer\source\repos\sparky\libvorbis\x64dependencies\libvorbis\intermediates\smallft.obj
c:\users\acer\source\repos\sparky\libvorbis\x64dependencies\libvorbis\intermediates\res0.obj
c:\users\acer\source\repos\sparky\libvorbis\x64dependencies\libvorbis\intermediates\registry.obj
c:\users\acer\source\repos\sparky\libvorbis\x64dependencies\libvorbis\intermediates\psy.obj
c:\users\acer\source\repos\sparky\libvorbis\x64dependencies\libvorbis\intermediates\mdct.obj
c:\users\acer\source\repos\sparky\libvorbis\x64dependencies\libvorbis\intermediates\mapping0.obj
c:\users\acer\source\repos\sparky\libvorbis\x64dependencies\libvorbis\intermediates\lsp.obj
c:\users\acer\source\repos\sparky\libvorbis\x64dependencies\libvorbis\intermediates\lpc.obj
c:\users\acer\source\repos\sparky\libvorbis\x64dependencies\libvorbis\intermediates\lookup.obj
c:\users\acer\source\repos\sparky\libvorbis\x64dependencies\libvorbis\intermediates\info.obj
c:\users\acer\source\repos\sparky\libvorbis\x64dependencies\libvorbis\intermediates\floor1.obj
c:\users\acer\source\repos\sparky\libvorbis\x64dependencies\libvorbis\intermediates\floor0.obj
c:\users\acer\source\repos\sparky\libvorbis\x64dependencies\libvorbis\intermediates\envelope.obj
c:\users\acer\source\repos\sparky\libvorbis\x64dependencies\libvorbis\intermediates\block.obj
c:\users\acer\source\repos\sparky\libvorbis\x64dependencies\libvorbis\intermediates\bitrate.obj
c:\users\acer\source\repos\sparky\libvorbis\x64dependencies\libvorbis\intermediates\analysis.obj
c:\users\acer\source\repos\sparky\libvorbis\x64dependencies\libvorbis\intermediates\window.obj
c:\users\acer\source\repos\sparky\dependencies\libvorbis\lib\libvorbis.lib
c:\users\acer\source\repos\sparky\dependencies/libvorbis/lib/libvorbis.pdb
c:\users\acer\source\repos\sparky\libvorbis\x64dependencies\libvorbis\intermediates\libvorbis.tlog\cl.command.1.tlog
c:\users\acer\source\repos\sparky\libvorbis\x64dependencies\libvorbis\intermediates\libvorbis.tlog\cl.items.tlog
c:\users\acer\source\repos\sparky\libvorbis\x64dependencies\libvorbis\intermediates\libvorbis.tlog\cl.read.1.tlog
c:\users\acer\source\repos\sparky\libvorbis\x64dependencies\libvorbis\intermediates\libvorbis.tlog\cl.write.1.tlog
c:\users\acer\source\repos\sparky\libvorbis\x64dependencies\libvorbis\intermediates\libvorbis.tlog\lib-link.read.1.tlog
c:\users\acer\source\repos\sparky\libvorbis\x64dependencies\libvorbis\intermediates\libvorbis.tlog\lib-link.write.1.tlog
c:\users\acer\source\repos\sparky\libvorbis\x64dependencies\libvorbis\intermediates\libvorbis.tlog\lib.command.1.tlog
