  main.cpp
C:\Users\ACER\source\repos\Sparky\Sparky-core\src\maths\maths_func.h(3,1): warning C4005: '_USE_MATH_DEFINES': macro redefinition
C:\Users\ACER\source\repos\Sparky\Sparky-core\src\maths\maths_func.h(3,1): message : '_USE_MATH_DEFINES' previously declared on the command line
C:\Users\ACER\source\Libraries\FreeImage\include\FreeImage.h(1,1): warning C4819: The file contains a character that cannot be represented in the current code page (936). Save the file in Unicode format to prevent data loss
C:\Users\ACER\source\repos\Sparky\Sparky-core\src\graphics\renderable2d.h(52,10): warning C4244: 'initializing': conversion from 'float' to 'int', possible loss of data
C:\Users\ACER\source\repos\Sparky\Sparky-core\src\graphics\renderable2d.h(53,10): warning C4244: 'initializing': conversion from 'float' to 'int', possible loss of data
C:\Users\ACER\source\repos\Sparky\Sparky-core\src\graphics\renderable2d.h(54,10): warning C4244: 'initializing': conversion from 'float' to 'int', possible loss of data
C:\Users\ACER\source\repos\Sparky\Sparky-core\src\graphics\renderable2d.h(55,10): warning C4244: 'initializing': conversion from 'float' to 'int', possible loss of data
C:\Users\ACER\source\repos\Sparky\Sparky-core\main.cpp(110,12): warning C4244: 'initializing': conversion from 'double' to 'float', possible loss of data
C:\Users\ACER\source\repos\Sparky\Sparky-core\main.cpp(171,19): warning C4154: deletion of an array expression; conversion to pointer supplied
  sound.cpp
  sound_manager.cpp
  window.cpp
C:\Users\ACER\source\repos\Sparky\Sparky-core\src\graphics\window.cpp(59,20): warning C4244: 'argument': conversion from 'double' to 'int', possible loss of data
  Generating Code...
glew32s.lib(glew.obj) : warning LNK4099: PDB '' was not found with 'glew32s.lib(glew.obj)' or at ''; linking object as if no debug info
  libvorbis.lib(vorbisfile.obj) : MSIL .netmodule or module compiled with /GL found; restarting link with /LTCG; add /LTCG to the link command line to improve linker performance
LINK : warning LNK4075: ignoring '/INCREMENTAL' due to '/LTCG' specification
LINK : warning LNK4098: defaultlib 'MSVCRT' conflicts with use of other libs; use /NODEFAULTLIB:library
LINK : warning LNK4098: defaultlib 'LIBCMT' conflicts with use of other libs; use /NODEFAULTLIB:library
  Generating code
  Finished generating code
glew32s.lib(glew.obj) : warning LNK4099: PDB '' was not found with 'glew32s.lib(glew.obj)' or at ''; linking object as if no debug info
  Sparky-core.vcxproj -> C:\Users\ACER\source\repos\Sparky\bin\Debug\Sparky-core.exe
